{"/Users/deepthought/code/testing-with-jest/src/index.js": {"path":"/Users/deepthought/code/testing-with-jest/src/index.js","statementMap":{"0":{"start":{"line":4,"column":12},"end":{"line":12,"column":1}},"1":{"start":{"line":5,"column":4},"end":{"line":7,"column":5}},"2":{"start":{"line":6,"column":8},"end":{"line":6,"column":26}},"3":{"start":{"line":8,"column":4},"end":{"line":10,"column":5}},"4":{"start":{"line":9,"column":8},"end":{"line":9,"column":20}},"5":{"start":{"line":11,"column":4},"end":{"line":11,"column":17}}},"fnMap":{"0":{"name":"(anonymous_0)","decl":{"start":{"line":4,"column":12},"end":{"line":4,"column":13}},"loc":{"start":{"line":4,"column":22},"end":{"line":12,"column":1}},"line":4}},"branchMap":{"0":{"loc":{"start":{"line":5,"column":4},"end":{"line":7,"column":5}},"type":"if","locations":[{"start":{"line":5,"column":4},"end":{"line":7,"column":5}},{"start":{},"end":{}}],"line":5},"1":{"loc":{"start":{"line":5,"column":7},"end":{"line":5,"column":55}},"type":"binary-expr","locations":[{"start":{"line":5,"column":7},"end":{"line":5,"column":29}},{"start":{"line":5,"column":33},"end":{"line":5,"column":55}}],"line":5},"2":{"loc":{"start":{"line":8,"column":4},"end":{"line":10,"column":5}},"type":"if","locations":[{"start":{"line":8,"column":4},"end":{"line":10,"column":5}},{"start":{},"end":{}}],"line":8}},"s":{"0":1,"1":2,"2":1,"3":1,"4":1,"5":0},"f":{"0":2},"b":{"0":[1,1],"1":[2,1],"2":[1,0]},"_coverageSchema":"1a1c01bbd47fc00a2c39e90264f33305004495a9","hash":"f811a2be40486eaec0ed12158cf0c07e4097cf91"}
}
